#
# There is insufficient memory for the Java Runtime Environment to continue.
# Native memory allocation (malloc) failed to allocate 32744 bytes for ChunkPool::allocate
# Possible reasons:
#   The system is out of physical RAM or swap space
#   In 32 bit mode, the process size limit was hit
# Possible solutions:
#   Reduce memory load on the system
#   Increase physical memory or swap space
#   Check if swap backing store is full
#   Use 64 bit Java on a 64 bit OS
#   Decrease Java heap size (-Xmx/-Xms)
#   Decrease number of Java threads
#   Decrease Java thread stack sizes (-Xss)
#   Set larger code cache with -XX:ReservedCodeCacheSize=
# This output file may be truncated or incomplete.
#
#  Out of Memory Error (allocation.cpp:273), pid=32256, tid=0x0000000000007d5c
#
# JRE version: Java(TM) SE Runtime Environment (8.0_101-b13) (build 1.8.0_101-b13)
# Java VM: Java HotSpot(TM) 64-Bit Server VM (25.101-b13 mixed mode windows-amd64 compressed oops)
# Failed to write core dump. Minidumps are not enabled by default on client versions of Windows
#

---------------  T H R E A D  ---------------

Current thread (0x0000000017b2e000):  JavaThread "C1 CompilerThread2" daemon [_thread_in_native, id=32092, stack(0x0000000019690000,0x0000000019790000)]

Stack: [0x0000000019690000,0x0000000019790000]
[error occurred during error reporting (printing stack bounds), id 0xc0000005]

Native frames: (J=compiled Java code, j=interpreted, Vv=VM code, C=native code)


Current CompileTask:
C1:    333  161       3       jdk.internal.org.objectweb.asm.Frame::execute (2252 bytes)


---------------  P R O C E S S  ---------------

Java Threads: ( => current thread )
  0x0000000018f0b000 JavaThread "Service Thread" daemon [_thread_blocked, id=32048, stack(0x0000000019790000,0x0000000019890000)]
=>0x0000000017b2e000 JavaThread "C1 CompilerThread2" daemon [_thread_in_native, id=32092, stack(0x0000000019690000,0x0000000019790000)]
  0x0000000017aec800 JavaThread "C2 CompilerThread1" daemon [_thread_blocked, id=32028, stack(0x0000000019590000,0x0000000019690000)]
  0x0000000017aeb000 JavaThread "C2 CompilerThread0" daemon [_thread_blocked, id=31824, stack(0x0000000019490000,0x0000000019590000)]
  0x0000000018ed3000 JavaThread "Attach Listener" daemon [_thread_blocked, id=32384, stack(0x0000000019390000,0x0000000019490000)]
  0x0000000018ed2800 JavaThread "Signal Dispatcher" daemon [_thread_blocked, id=31960, stack(0x0000000019290000,0x0000000019390000)]
  0x0000000017aba000 JavaThread "Finalizer" daemon [_thread_blocked, id=32012, stack(0x0000000018d30000,0x0000000018e30000)]
  0x0000000002f81000 JavaThread "Reference Handler" daemon [_thread_blocked, id=32056, stack(0x0000000018c30000,0x0000000018d30000)]
  0x0000000002e90800 JavaThread "main" [_thread_in_vm, id=32560, stack(0x0000000002c90000,0x0000000002d90000)]

Other Threads:
  0x0000000017a96800 VMThread [stack: 0x0000000018b30000,0x0000000018c30000] [id=32060]
  0x0000000018f65800 WatcherThread [stack: 0x0000000019890000,0x0000000019990000] [id=32340]

VM state:not at safepoint (normal execution)

VM Mutex/Monitor currently owned by a thread: None

Heap:
 PSYoungGen      total 38400K, used 2662K [0x00000000d5e00000, 0x00000000d8880000, 0x0000000100000000)
  eden space 33280K, 8% used [0x00000000d5e00000,0x00000000d60999b8,0x00000000d7e80000)
  from space 5120K, 0% used [0x00000000d8380000,0x00000000d8380000,0x00000000d8880000)
  to   space 5120K, 0% used [0x00000000d7e80000,0x00000000d7e80000,0x00000000d8380000)
 ParOldGen       total 87552K, used 0K [0x0000000081a00000, 0x0000000086f80000, 0x00000000d5e00000)
  object space 87552K, 0% used [0x0000000081a00000,0x0000000081a00000,0x0000000086f80000)
 Metaspace       used 3952K, capacity 4704K, committed 4992K, reserved 1056768K
  class space    used 466K, capacity 541K, committed 640K, reserved 1048576K

Card table byte_map: [0x0000000012350000,0x0000000012750000] byte_map_base: 0x0000000011f43000

Marking Bits: (ParMarkBitMap*) 0x000000005086a6d0
 Begin Bits: [0x0000000012e00000, 0x0000000014d98000)
 End Bits:   [0x0000000014d98000, 0x0000000016d30000)

Polling page: 0x0000000000e00000

CodeCache: size=245760Kb used=1313Kb max_used=1313Kb free=244446Kb
 bounds [0x0000000002f90000, 0x0000000003200000, 0x0000000011f90000]
 total_blobs=421 nmethods=167 adapters=167
 compilation: enabled

Compilation events (10 events):
Event: 0.228 Thread 0x0000000017b2e000 nmethod 153 0x00000000030d1050 code [0x00000000030d11a0, 0x00000000030d12f0]
Event: 0.228 Thread 0x0000000017b2e000  154       1       java.lang.invoke.MethodHandle::type (5 bytes)
Event: 0.228 Thread 0x0000000017b2e000 nmethod 154 0x00000000030d0d90 code [0x00000000030d0ee0, 0x00000000030d0ff0]
Event: 0.228 Thread 0x0000000017b2e000  156       3       java.lang.invoke.InvokerBytecodeGenerator::isStaticallyNameable (116 bytes)
Event: 0.230 Thread 0x0000000017b2e000 nmethod 156 0x00000000030d2f90 code [0x00000000030d3300, 0x00000000030d53d8]
Event: 0.230 Thread 0x0000000017b2e000  158       3       jdk.internal.org.objectweb.asm.Item::isEqualTo (354 bytes)
Event: 0.231 Thread 0x0000000017b2e000 nmethod 158 0x00000000030d6510 code [0x00000000030d6740, 0x00000000030d7408]
Event: 0.231 Thread 0x0000000017b2e000  166       3       java.util.concurrent.ConcurrentHashMap::get (162 bytes)
Event: 0.232 Thread 0x0000000017b2e000 nmethod 166 0x00000000030d77d0 code [0x00000000030d79e0, 0x00000000030d8558]
Event: 0.232 Thread 0x0000000017b2e000  161       3       jdk.internal.org.objectweb.asm.Frame::execute (2252 bytes)

GC Heap History (0 events):
No events

Deoptimization events (0 events):
No events

Internal exceptions (8 events):
Event: 0.061 Thread 0x0000000002e90800 Exception <a 'java/lang/NoSuchMethodError': Method sun.misc.Unsafe.defineClass(Ljava/lang/String;[BII)Ljava/lang/Class; name or signature does not match> (0x00000000d5e07cc0) thrown at [C:\re\workspace\8-2-build-windows-amd64-cygwin\jdk8u101\7261\hotspot\sÜÑâÏg„¯?
Event: 0.062 Thread 0x0000000002e90800 Exception <a 'java/lang/NoSuchMethodError': Method sun.misc.Unsafe.prefetchRead(Ljava/lang/Object;J)V name or signature does not match> (0x00000000d5e07fa8) thrown at [C:\re\workspace\8-2-build-windows-amd64-cygwin\jdk8u101\7261\hotspot\src\share\vm\prims\xS“ÀªºÆ?
Event: 0.178 Thread 0x0000000002e90800 Exception <a 'java/security/PrivilegedActionException'> (0x00000000d5ed0760) thrown at [C:\re\workspace\8-2-build-windows-amd64-cygwin\jdk8u101\7261\hotspot\src\share\vm\prims\jvm.cpp, line 1386]
Event: 0.178 Thread 0x0000000002e90800 Exception <a 'java/security/PrivilegedActionException'> (0x00000000d5ed0970) thrown at [C:\re\workspace\8-2-build-windows-amd64-cygwin\jdk8u101\7261\hotspot\src\share\vm\prims\jvm.cpp, line 1386]
Event: 0.182 Thread 0x0000000002e90800 Exception <a 'java/security/PrivilegedActionException'> (0x00000000d5ed3d38) thrown at [C:\re\workspace\8-2-build-windows-amd64-cygwin\jdk8u101\7261\hotspot\src\share\vm\prims\jvm.cpp, line 1386]
Event: 0.182 Thread 0x0000000002e90800 Exception <a 'java/security/PrivilegedActionException'> (0x00000000d5ed3f48) thrown at [C:\re\workspace\8-2-build-windows-amd64-cygwin\jdk8u101\7261\hotspot\src\share\vm\prims\jvm.cpp, line 1386]
Event: 0.195 Thread 0x0000000002e90800 Exception <a 'java/io/FileNotFoundException'> (0x00000000d5edd418) thrown at [C:\re\workspace\8-2-build-windows-amd64-cygwin\jdk8u101\7261\hotspot\src\share\vm\prims\jni.cpp, line 709]
Event: 0.233 Thread 0x0000000002e90800 Exception <a 'java/lang/NoSuchFieldError': method resolution failed> (0x00000000d6050d38) thrown at [C:\re\workspace\8-2-build-windows-amd64-cygwin\jdk8u101\7261\hotspot\src\share\vm\prims\methodHandles.cpp, line 1146]

Events (10 events):
Event: 0.218 loading class java/lang/invoke/WrongMethodTypeException
Event: 0.218 loading class java/lang/invoke/WrongMethodTypeException done
Event: 0.220 loading class java/lang/invoke/MethodHandleImpl$Lazy
Event: 0.220 loading class java/lang/invoke/MethodHandleImpl$Lazy done
Event: 0.220 loading class java/lang/invoke/MethodHandleImpl$IntrinsicMethodHandle
Event: 0.220 loading class java/lang/invoke/MethodHandleImpl$IntrinsicMethodHandle done
Event: 0.233 loading class java/lang/NoSuchFieldError
Event: 0.233 loading class java/lang/NoSuchFieldError done
Event: 0.234 loading class java/lang/IllegalAccessException
Event: 0.234 loading class java/lang/IllegalAccessException done


Dynamic libraries:
0x00007ff6585a0000 - 0x00007ff6585d7000 	C:\Program Files\Java\bin\javaw.exe
0x00007ffe86f10000 - 0x00007ffe870e1000 	C:\WINDOWS\SYSTEM32\ntdll.dll
0x00007ffe86b50000 - 0x00007ffe86bfc000 	C:\WINDOWS\System32\KERNEL32.DLL
0x00007ffe83ea0000 - 0x00007ffe840bd000 	C:\WINDOWS\System32\KERNELBASE.dll
0x00007ffe86c70000 - 0x00007ffe86d12000 	C:\WINDOWS\System32\ADVAPI32.dll
0x00007ffe84300000 - 0x00007ffe8439e000 	C:\WINDOWS\System32\msvcrt.dll
0x00007ffe85d50000 - 0x00007ffe85da9000 	C:\WINDOWS\System32\sechost.dll
0x00007ffe843a0000 - 0x00007ffe844c1000 	C:\WINDOWS\System32\RPCRT4.dll
0x00007ffe866c0000 - 0x00007ffe86825000 	C:\WINDOWS\System32\USER32.dll
0x00007ffe842c0000 - 0x00007ffe842de000 	C:\WINDOWS\System32\win32u.dll
0x00007ffe85f20000 - 0x00007ffe85f54000 	C:\WINDOWS\System32\GDI32.dll
0x00007ffe831b0000 - 0x00007ffe83332000 	C:\WINDOWS\System32\gdi32full.dll
0x00007ffe780a0000 - 0x00007ffe7831a000 	C:\WINDOWS\WinSxS\amd64_microsoft.windows.common-controls_6595b64144ccf1df_6.0.14393.953_none_42151e83c686086b\COMCTL32.dll
0x00007ffe844d0000 - 0x00007ffe84798000 	C:\WINDOWS\System32\combase.dll
0x00007ffe841c0000 - 0x00007ffe842b5000 	C:\WINDOWS\System32\ucrtbase.dll
0x00007ffe833e0000 - 0x00007ffe8344a000 	C:\WINDOWS\System32\bcryptPrimitives.dll
0x00007ffe86ee0000 - 0x00007ffe86f0e000 	C:\WINDOWS\System32\IMM32.DLL
0x0000000077dc0000 - 0x0000000077e92000 	C:\Program Files\Java\bin\msvcr100.dll
0x0000000050050000 - 0x00000000508ea000 	C:\Program Files\Java\bin\server\jvm.dll
0x00007ffe83790000 - 0x00007ffe837b3000 	C:\WINDOWS\System32\WINMM.dll
0x00007ffe83140000 - 0x00007ffe8316b000 	C:\WINDOWS\System32\WINMMBASE.dll
0x00007ffe84170000 - 0x00007ffe841b2000 	C:\WINDOWS\System32\cfgmgr32.dll
0x00007ffe842f0000 - 0x00007ffe842f8000 	C:\WINDOWS\System32\PSAPI.DLL
0x00007ffe80410000 - 0x00007ffe80419000 	C:\WINDOWS\SYSTEM32\WSOCK32.dll
0x00007ffe86c00000 - 0x00007ffe86c6a000 	C:\WINDOWS\System32\WS2_32.dll
0x00007ffe76110000 - 0x00007ffe7611a000 	C:\WINDOWS\SYSTEM32\VERSION.dll
0x0000000052090000 - 0x000000005209f000 	C:\Program Files\Java\bin\verify.dll
0x0000000050020000 - 0x0000000050049000 	C:\Program Files\Java\bin\java.dll
0x0000000050000000 - 0x0000000050016000 	C:\Program Files\Java\bin\zip.dll
0x00007ffe847a0000 - 0x00007ffe85ca8000 	C:\WINDOWS\System32\SHELL32.dll
0x00007ffe837c0000 - 0x00007ffe83e9a000 	C:\WINDOWS\System32\windows.storage.dll
0x00007ffe84120000 - 0x00007ffe8416c000 	C:\WINDOWS\System32\powrprof.dll
0x00007ffe85f60000 - 0x00007ffe85fb2000 	C:\WINDOWS\System32\shlwapi.dll
0x00007ffe83170000 - 0x00007ffe8317f000 	C:\WINDOWS\System32\kernel.appcore.dll
0x00007ffe836e0000 - 0x00007ffe83789000 	C:\WINDOWS\System32\shcore.dll
0x00007ffe83190000 - 0x00007ffe831a4000 	C:\WINDOWS\System32\profapi.dll
0x0000000077c20000 - 0x0000000077db8000 	C:\Program Files\Java\bin\awt.dll
0x00007ffe86d80000 - 0x00007ffe86e3f000 	C:\WINDOWS\System32\OLEAUT32.dll
0x00007ffe83340000 - 0x00007ffe833dc000 	C:\WINDOWS\System32\msvcp_win.dll
0x00007ffe81550000 - 0x00007ffe815ca000 	C:\WINDOWS\SYSTEM32\apphelp.dll

VM Arguments:
jvm_args: -Dfile.encoding=GBK 
java_command: gui.panel.Form1Panel
java_class_path (initial): F:\eclips\AcoInterface\bin
Launcher Type: SUN_STANDARD

Environment Variables:
JAVA_HOME=C:\Program Files\Java\jdk1.8.0_101
CLASSPATH=.;C:\Program Files\Java\jdk1.8.0_101\lib;C:\Program Files\Java\jdk1.8.0_101\lib\tools.jar
PATH=C:/Program Files/Java/bin/server;C:/Program Files/Java/bin;C:/Program Files/Java/lib/amd64;C:\ProgramData\Oracle\Java\javapath;C:\Program Files (x86)\Intel\iCLS Client\;C:\Program Files\Intel\iCLS Client\;C:\WINDOWS\system32;C:\WINDOWS;C:\WINDOWS\System32\Wbem;C:\WINDOWS\System32\WindowsPowerShell\v1.0\;C:\Program Files\Intel\Intel(R) Management Engine Components\DAL;C:\Program Files\Intel\Intel(R) Management Engine Components\IPT;C:\Program Files (x86)\Intel\Intel(R) Management Engine Components\DAL;C:\Program Files (x86)\Intel\Intel(R) Management Engine Components\IPT;C:\Program Files (x86)\NVIDIA Corporation\PhysX\Common;C:\WINDOWS\system32;C:\WINDOWS;C:\WINDOWS\System32\Wbem;C:\WINDOWS\System32\WindowsPowerShell\v1.0\;C:\Program Files\Microsoft\Web Platform Installer\;C:\Program Files (x86)\Microsoft ASP.NET\ASP.NET Web Pages\v1.0\;C:\Program Files\Microsoft SQL Server\110\Tools\Binn\;C:\Program Files\Java\jdk1.8.0_101\bin;C:\Program Files\Java\jdk1.8.0_101\jre\bin;C:\Program Files\Microsoft SQL Server\130\Tools\Binn\;C:\WINDOWS\system32\config\systemprofile\.dnx\bin;C:\Program Files\Microsoft DNX\Dnvm\;C:\Program Files (x86)\Windows Kits\10\Windows Performance Toolkit\;D:\Git\cmd;D:\Git\bin;C:\Program Files (x86)\Microsoft SQL Server\100\Tools\Binn\;C:\Program Files\Microsoft SQL Server\100\Tools\Binn\;C:\Program Files\Microsoft SQL Server\100\DTS\Binn\;C:\Program Files (x86)\Microsoft SQL Server\100\Tools\Binn\VSShell\Common7\IDE\;C:\Program Files (x86)\Microsoft Visual Studio 9.0\Common7\IDE\PrivateAssemblies\;C:\Program Files (x86)\Microsoft SQL Server\100\DTS\Binn\;C:\Users\Ä°Äê\AppData\Local\Microsoft\WindowsApps;;C:\Users\Ä°Äê\Desktop;
USERNAME=Ä°Äê
OS=Windows_NT
PROCESSOR_IDENTIFIER=Intel64 Family 6 Model 60 Stepping 3, GenuineIntel



---------------  S Y S T E M  ---------------

OS: Windows 10.0 , 64 bit Build 14393 (10.0.14393.1198)

CPU:total 4 (2 cores per cpu, 2 threads per core) family 6 model 60 stepping 3, cmov, cx8, fxsr, mmx, sse, sse2, sse3, ssse3, sse4.1, sse4.2, popcnt, avx, avx2, aes, clmul, erms, lzcnt, ht, tsc, tscinvbit, bmi1, bmi2

Memory: 4k page, physical 8275088k(223628k free), swap 27935756k(2584k free)

vm_info: Java HotSpot(TM) 64-Bit Server VM (25.101-b13) for windows-amd64 JRE (1.8.0_101-b13), built on Jun 22 2016 01:21:29 by "java_re" with MS VC++ 10.0 (VS2010)

time: Mon May 29 21:00:11 2017
elapsed time: 0 seconds (0d 0h 0m 0s)

